<?xml version="1.0" encoding="UTF-8"?>
<!-- Generated by org.testng.reporters.JUnitReportReporter -->
<testsuite hostname="DESKTOP-VJUS6DI" failures="0" tests="2" name="ScreenshotUtility" time="13.088" errors="0" timestamp="2024-04-19T15:44:57 IST" skipped="0">
  <testcase classname="ScreenshotUtility" name="ScreenShot" time="6.321"/>
  <system-out/>
  <testcase classname="ScreenshotUtility" name="Scroll" time="6.767"/>
  <system-out/>
</testsuite> <!-- ScreenshotUtility -->
